<?xml version="1.0" encoding="UTF-8"?>
<!-- Generated by org.testng.reporters.JUnitXMLReporter -->
<testsuite ignored="0" hostname="Fujitsu" failures="1" tests="9" name="Test" time="0.211" errors="0" timestamp="2021-12-09T17:15:06 PST">
  <testcase classname="com.actitime.testscripts.CustomerModule" name="creatCustomer" time="0.014"/>
  <testcase classname="com.actitime.testscripts.CustomerModule" name="deleteCustomer" time="0.003"/>
  <testcase classname="com.actitime.testscripts.CustomerModule" name="modifyCustomer" time="0.007"/>
  <testcase classname="com.actitime.testscripts.CustomerModule1" name="createCustomer" time="0.004"/>
  <testcase classname="com.actitime.testscripts.CustomerModule1" name="createCustomer" time="0.003"/>
  <testcase classname="com.actitime.testscripts.CustomerModule1" name="createCustomer" time="0.005"/>
  <testcase classname="com.actitime.testscripts.CustomerModule1" name="modifyCustomer" time="0.001"/>
  <testcase classname="com.actitime.testscripts.CustomerModule1" name="deleteCustomer" time="0.002"/>
  <testcase classname="com.actitime.testscripts.VerifyTitle" name="getTitle" time="0.036">
    <failure type="java.lang.IllegalStateException" message="The driver executable must exist: C:\Users\Suresh bs\eclipse-workspace\Automation\.\driver\chromedriver.exe">
      <![CDATA[java.lang.IllegalStateException: The driver executable must exist: C:\Users\Suresh bs\eclipse-workspace\Automation\.\driver\chromedriver.exe
at org.openqa.selenium.internal.Require$FileStateChecker.isFile(Require.java:315)
at org.openqa.selenium.remote.service.DriverService.checkExecutable(DriverService.java:144)
at org.openqa.selenium.remote.service.DriverService.findExecutable(DriverService.java:139)
at org.openqa.selenium.chrome.ChromeDriverService.access$000(ChromeDriverService.java:38)
at org.openqa.selenium.chrome.ChromeDriverService$Builder.findDefaultExecutable(ChromeDriverService.java:231)
at org.openqa.selenium.remote.service.DriverService$Builder.build(DriverService.java:434)
at org.openqa.selenium.chrome.ChromeDriverService.createDefaultService(ChromeDriverService.java:127)
at org.openqa.selenium.chrome.ChromeDriver.<init>(ChromeDriver.java:46)
at com.actitime.testscripts.VerifyTitle.getTitle(VerifyTitle.java:14)
at java.base/java.util.ArrayList.forEach(ArrayList.java:1511)
... Removed 27 stack frames]]>
    </failure>
  </testcase> <!-- getTitle -->
</testsuite> <!-- Test -->
